<?xml version="1.0" encoding="utf-8"?><testsuites name="pytest tests"><testsuite name="pytest" errors="0" failures="0" skipped="0" tests="14" time="2.022" timestamp="2026-01-15T08:43:56.809201+00:00" hostname="agent-env-85c485d0-1d7d-414e-ab44-fd42fe96a3c6"><testcase classname="tests.test_recruitment_api.TestAuthentication" name="test_login_success" time="0.320" /><testcase classname="tests.test_recruitment_api.TestAuthentication" name="test_login_invalid_credentials" time="0.044" /><testcase classname="tests.test_recruitment_api.TestAuthentication" name="test_get_me_with_token" time="0.344" /><testcase classname="tests.test_recruitment_api.TestPositions" name="test_get_positions" time="0.335" /><testcase classname="tests.test_recruitment_api.TestPositions" name="test_get_positions_structure" time="0.047" /><testcase classname="tests.test_recruitment_api.TestPositions" name="test_update_position" time="0.091" /><testcase classname="tests.test_recruitment_api.TestCandidates" name="test_get_candidates" time="0.042" /><testcase classname="tests.test_recruitment_api.TestCandidates" name="test_get_candidates_structure" time="0.049" /><testcase classname="tests.test_recruitment_api.TestCandidates" name="test_update_candidate" time="0.122" /><testcase classname="tests.test_recruitment_api.TestCSVExport" name="test_export_positions_csv" time="0.062" /><testcase classname="tests.test_recruitment_api.TestCSVExport" name="test_export_candidates_csv" time="0.046" /><testcase classname="tests.test_recruitment_api.TestDeleteOperations" name="test_delete_position_with_candidates_fails" time="0.145" /><testcase classname="tests.test_recruitment_api.TestClients" name="test_get_clients" time="0.043" /><testcase classname="tests.test_recruitment_api.TestDashboard" name="test_get_dashboard_stats" time="0.041" /></testsuite></testsuites>